[2021-11-16T12:50:15.261510-06:00] Oreto\Willow\Willow.ERROR: 404: Not Found - HTTP 404 (GET /go) [] []
[2021-11-16T12:54:10.092563-06:00] Oreto\Willow\Willow.ERROR: 404: Not Found - HTTP 404 (GET /go) [] []
[2021-11-16T12:54:38.879603-06:00] Oreto\Willow\Willow.ERROR: 404: Not Found - HTTP 404 (GET /go). trace: [index.php:13] Base->run() [server.php:9] include()  [] []
[2021-11-16T13:02:52.870119-06:00] Oreto\Willow\Willow.ERROR: 404: Not Found - HTTP 404 (GET /go) [] []
[2021-11-16T13:17:50.543694-06:00] Oreto\Willow\Willow.ERROR: 404: Not Found - HTTP 404 (GET /go)  
[2021-11-16T13:27:02.612904-06:00] Oreto\Willow\Willow.ERROR: 404: Not Found - HTTP 404 (GET /go)  
[2021-11-16T13:27:09.018203-06:00] Oreto\Willow\Willow.INFO: TESTING  
[2021-11-16T13:28:24.764269-06:00] Oreto\Willow\Willow.INFO: TEST  
[2021-11-16T13:30:03.691388-06:00] Oreto\Willow\App.INFO: TEST  
[2021-11-16T13:32:33.641501-06:00] Oreto\Willow\App.INFO: TEST  
[2021-11-16T14:11:17.054512-06:00] Oreto\Willow\App.ERROR: woah  
[2021-11-16T14:21:00.321929-06:00] Oreto\Willow\App.INFO: woah  
[2021-11-16T14:22:00.872314-06:00] Oreto\Willow\App.ERROR: woah  
[2021-11-16T14:42:18.033123-06:00] Oreto\Willow\Willow.ERROR: 500: Internal Server Error - Access to undeclared static property Oreto\Willow\Willow::$ASSETS_PATH [/home/bilbo/dev/willow/src/Willow.php:64]. trace: [src/Willow.php:99] Oreto\Willow\Willow::asset()
[tmp/1rhmuqyegwrps.3sqbvfi3buask.php:7] Oreto\Willow\Willow::Oreto\Willow\{closure}()
[vendor/bcosca/fatfree-core/base.php:2908] require('/home/bilbo/dev/willow/tmp/1rhmuqyegwrps.3sqbvfi3buask.php')
[vendor/bcosca/fatfree-core/base.php:3152] View->sandbox()
[src/Willow.php:163] Preview->render()
[src/Willow.php:174] Oreto\Willow\Willow->render()
[vendor/bcosca/fatfree-core/base.php:1960] Oreto\Willow\Willow->index()
[vendor/bcosca/fatfree-core/base.php:1759] Base->call()
[index.php:13] Base->run()
[server.php:12] include('/home/bilbo/dev/willow/index.php')
  
[2021-11-16T14:42:18.197141-06:00] Oreto\Willow\Willow.ERROR: 404: Not Found - HTTP 404 (GET /%3C!DOCTYPE%20html%3E%3Chtml%20lang=)  
[2021-11-16T14:42:38.211263-06:00] Oreto\Willow\Willow.ERROR: 500: Internal Server Error - Access to undeclared static property Oreto\Willow\Willow::$ASSETS_PATH [/home/bilbo/dev/willow/src/Willow.php:64]. trace: [src/Willow.php:99] Oreto\Willow\Willow::asset()
[tmp/1rhmuqyegwrps.3sqbvfi3buask.php:7] Oreto\Willow\Willow::Oreto\Willow\{closure}()
[vendor/bcosca/fatfree-core/base.php:2908] require('/home/bilbo/dev/willow/tmp/1rhmuqyegwrps.3sqbvfi3buask.php')
[vendor/bcosca/fatfree-core/base.php:3152] View->sandbox()
[src/Willow.php:163] Preview->render()
[src/Willow.php:174] Oreto\Willow\Willow->render()
[vendor/bcosca/fatfree-core/base.php:1960] Oreto\Willow\Willow->index()
[vendor/bcosca/fatfree-core/base.php:1759] Base->call()
[index.php:13] Base->run()
[server.php:12] include('/home/bilbo/dev/willow/index.php')
  
[2021-11-16T14:42:38.359270-06:00] Oreto\Willow\Willow.ERROR: 404: Not Found - HTTP 404 (GET /%3C!DOCTYPE%20html%3E%3Chtml%20lang=)  
[2021-11-16T14:42:43.917951-06:00] Oreto\Willow\Willow.ERROR: 500: Internal Server Error - Access to undeclared static property Oreto\Willow\Willow::$ASSETS_PATH [/home/bilbo/dev/willow/src/Willow.php:64]. trace: [src/Willow.php:99] Oreto\Willow\Willow::asset()
[tmp/1rhmuqyegwrps.3sqbvfi3buask.php:7] Oreto\Willow\Willow::Oreto\Willow\{closure}()
[vendor/bcosca/fatfree-core/base.php:2908] require('/home/bilbo/dev/willow/tmp/1rhmuqyegwrps.3sqbvfi3buask.php')
[vendor/bcosca/fatfree-core/base.php:3152] View->sandbox()
[src/Willow.php:163] Preview->render()
[src/Willow.php:174] Oreto\Willow\Willow->render()
[vendor/bcosca/fatfree-core/base.php:1960] Oreto\Willow\Willow->index()
[vendor/bcosca/fatfree-core/base.php:1759] Base->call()
[index.php:13] Base->run()
[server.php:12] include('/home/bilbo/dev/willow/index.php')
  
[2021-11-16T15:12:42.052124-06:00] Oreto\Willow\Willow.ERROR: 500: Internal Server Error - Named route does not exist: home. trace: [vendor/bcosca/fatfree-core/base.php:2347] Base->error()
[vendor/bcosca/fatfree-core/base.php:1493] user_error()
[src/App.php:9] Base->route()
[index.php:11] Oreto\Willow\App::routes()
[server.php:9] include('/home/bilbo/dev/willow/index.php')
  
[2021-11-17T00:45:35.992810-06:00] Oreto\Willow\Willow.ERROR: 405: Method Not Allowed - HTTP 405 (GET /). trace: [vendor/bcosca/fatfree-core/base.php:1943] Base->error()
[vendor/bcosca/fatfree-core/base.php:1759] Base->call()
[src/Willow.php:99] Base->run()
[index.php:8] Oreto\Willow\Willow::run()
[server.php:9] include('/home/bilbo/dev/willow/index.php')
  
[2021-11-17T00:47:48.996933-06:00] Oreto\Willow\Willow.ERROR: 405: Method Not Allowed - HTTP 405 (GET /). trace: [vendor/bcosca/fatfree-core/base.php:1943] Base->error()
[vendor/bcosca/fatfree-core/base.php:1759] Base->call()
[src/Willow.php:99] Base->run()
[index.php:8] Oreto\Willow\Willow::run()
[server.php:9] include('/home/bilbo/dev/willow/index.php')
  
[2021-11-17T00:52:35.844586-06:00] Oreto\Willow\Willow.ERROR: 405: Method Not Allowed - HTTP 405 (GET /). trace: [vendor/bcosca/fatfree-core/base.php:1943] Base->error()
[vendor/bcosca/fatfree-core/base.php:1759] Base->call()
[src/Willow.php:99] Base->run()
[index.php:8] Oreto\Willow\Willow::run()
[server.php:9] include('/home/bilbo/dev/willow/index.php')
  
[2021-11-17T00:52:45.535046-06:00] Oreto\Willow\Willow.ERROR: 405: Method Not Allowed - HTTP 405 (GET /). trace: [vendor/bcosca/fatfree-core/base.php:1943] Base->error()
[vendor/bcosca/fatfree-core/base.php:1759] Base->call()
[src/Willow.php:99] Base->run()
[index.php:8] Oreto\Willow\Willow::run()
[server.php:9] include('/home/bilbo/dev/willow/index.php')
  
[2021-11-17T00:54:35.387705-06:00] Oreto\Willow\Willow.ERROR: 405: Method Not Allowed - HTTP 405 (GET /). trace: [vendor/bcosca/fatfree-core/base.php:1943] Base->error()
[vendor/bcosca/fatfree-core/base.php:1759] Base->call()
[src/Willow.php:100] Base->run()
[index.php:8] Oreto\Willow\Willow::run()
[server.php:9] include('/home/bilbo/dev/willow/index.php')
  
[2021-11-17T00:54:47.488144-06:00] Oreto\Willow\Willow.ERROR: 405: Method Not Allowed - HTTP 405 (GET /). trace: [vendor/bcosca/fatfree-core/base.php:1943] Base->error()
[vendor/bcosca/fatfree-core/base.php:1759] Base->call()
[src/Willow.php:100] Base->run()
[index.php:8] Oreto\Willow\Willow::run()
[server.php:9] include('/home/bilbo/dev/willow/index.php')
  
[2021-11-17T00:55:22.387588-06:00] Oreto\Willow\Willow.ERROR: 500: Internal Server Error - Invalid routing pattern: GET. trace: [vendor/bcosca/fatfree-core/base.php:2347] Base->error()
[vendor/bcosca/fatfree-core/base.php:1497] user_error()
[src/Willow.php:99] Base->route()
[index.php:8] Oreto\Willow\Willow::run()
[server.php:9] include('/home/bilbo/dev/willow/index.php')
  
[2021-11-17T00:55:29.037231-06:00] Oreto\Willow\Willow.ERROR: 405: Method Not Allowed - HTTP 405 (GET /). trace: [vendor/bcosca/fatfree-core/base.php:1943] Base->error()
[vendor/bcosca/fatfree-core/base.php:1759] Base->call()
[src/Willow.php:100] Base->run()
[index.php:8] Oreto\Willow\Willow::run()
[server.php:9] include('/home/bilbo/dev/willow/index.php')
  
[2021-11-17T00:55:37.464560-06:00] Oreto\Willow\Willow.ERROR: 405: Method Not Allowed - HTTP 405 (GET /). trace: [vendor/bcosca/fatfree-core/base.php:1943] Base->error()
[vendor/bcosca/fatfree-core/base.php:1759] Base->call()
[src/Willow.php:100] Base->run()
[index.php:8] Oreto\Willow\Willow::run()
[server.php:9] include('/home/bilbo/dev/willow/index.php')
  
[2021-11-17T00:58:06.621279-06:00] Oreto\Willow\Willow.ERROR: 405: Method Not Allowed - HTTP 405 (GET /). trace: [vendor/bcosca/fatfree-core/base.php:1943] Base->error()
[vendor/bcosca/fatfree-core/base.php:1759] Base->call()
[src/Willow.php:100] Base->run()
[index.php:8] Oreto\Willow\Willow::run()
[server.php:9] include('/home/bilbo/dev/willow/index.php')
  
[2021-11-17T01:00:05.652092-06:00] Oreto\Willow\Willow.ERROR: 405: Method Not Allowed - HTTP 405 (GET /). trace: [vendor/bcosca/fatfree-core/base.php:1943] Base->error()
[vendor/bcosca/fatfree-core/base.php:1759] Base->call()
[src/Willow.php:99] Base->run()
[index.php:8] Oreto\Willow\Willow::run()
[server.php:9] include('/home/bilbo/dev/willow/index.php')
  
[2021-11-17T01:01:16.754249-06:00] Oreto\Willow\Willow.ERROR: 405: Method Not Allowed - HTTP 405 (GET /). trace: [vendor/bcosca/fatfree-core/base.php:1943] Base->error()
[vendor/bcosca/fatfree-core/base.php:1759] Base->call()
[src/Willow.php:99] Base->run()
[index.php:8] Oreto\Willow\Willow::run()
[server.php:9] include('/home/bilbo/dev/willow/index.php')
  
[2021-11-17T01:02:04.666301-06:00] Oreto\Willow\Willow.ERROR: 405: Method Not Allowed - HTTP 405 (GET /). trace: [vendor/bcosca/fatfree-core/base.php:1943] Base->error()
[vendor/bcosca/fatfree-core/base.php:1759] Base->call()
[src/Willow.php:99] Base->run()
[index.php:8] Oreto\Willow\Willow::run()
[server.php:9] include('/home/bilbo/dev/willow/index.php')
  
[2021-11-17T01:02:46.592795-06:00] Oreto\Willow\Willow.ERROR: 405: Method Not Allowed - HTTP 405 (GET /). trace: [vendor/bcosca/fatfree-core/base.php:1943] Base->error()
[vendor/bcosca/fatfree-core/base.php:1759] Base->call()
[index.php:9] Base->run()
[server.php:9] include('/home/bilbo/dev/willow/index.php')
  
[2021-11-17T01:03:06.517294-06:00] Oreto\Willow\Willow.ERROR: 405: Method Not Allowed - HTTP 405 (GET /). trace: [vendor/bcosca/fatfree-core/base.php:1943] Base->error()
[vendor/bcosca/fatfree-core/base.php:1759] Base->call()
[src/Willow.php:99] Base->run()
[index.php:8] Oreto\Willow\Willow::run()
[server.php:9] include('/home/bilbo/dev/willow/index.php')
  
[2021-11-17T01:04:44.042185-06:00] Oreto\Willow\Willow.ERROR: 404: Not Found - HTTP 404 (GET /favicon.ico)  
[2021-11-17T01:05:39.469589-06:00] Oreto\Willow\Willow.ERROR: 404: Not Found - HTTP 404 (GET /favicon.ico)  
[2021-11-17T01:05:47.276493-06:00] Oreto\Willow\Willow.ERROR: 405: Method Not Allowed - HTTP 405 (GET /). trace: [vendor/bcosca/fatfree-core/base.php:1943] Base->error()
[vendor/bcosca/fatfree-core/base.php:1759] Base->call()
[src/Willow.php:100] Base->run()
[index.php:8] Oreto\Willow\Willow::run()
[server.php:9] include('/home/bilbo/dev/willow/index.php')
  
[2021-11-17T01:06:14.646043-06:00] Oreto\Willow\Willow.ERROR: 405: Method Not Allowed - HTTP 405 (GET /). trace: [vendor/bcosca/fatfree-core/base.php:1943] Base->error()
[vendor/bcosca/fatfree-core/base.php:1759] Base->call()
[src/Willow.php:100] Base->run()
[index.php:8] Oreto\Willow\Willow::run()
[server.php:9] include('/home/bilbo/dev/willow/index.php')
  
[2021-11-17T01:06:25.019399-06:00] Oreto\Willow\Willow.ERROR: 405: Method Not Allowed - HTTP 405 (GET /). trace: [vendor/bcosca/fatfree-core/base.php:1943] Base->error()
[vendor/bcosca/fatfree-core/base.php:1759] Base->call()
[src/Willow.php:100] Base->run()
[index.php:8] Oreto\Willow\Willow::run()
[server.php:9] include('/home/bilbo/dev/willow/index.php')
  
[2021-11-17T01:06:28.321891-06:00] Oreto\Willow\Willow.ERROR: 405: Method Not Allowed - HTTP 405 (GET /). trace: [vendor/bcosca/fatfree-core/base.php:1943] Base->error()
[vendor/bcosca/fatfree-core/base.php:1759] Base->call()
[src/Willow.php:100] Base->run()
[index.php:8] Oreto\Willow\Willow::run()
[server.php:9] include('/home/bilbo/dev/willow/index.php')
  
[2021-11-17T01:06:52.546106-06:00] Oreto\Willow\Willow.ERROR: 405: Method Not Allowed - HTTP 405 (GET /). trace: [vendor/bcosca/fatfree-core/base.php:1943] Base->error()
[vendor/bcosca/fatfree-core/base.php:1759] Base->call()
[src/Willow.php:100] Base->run()
[index.php:8] Oreto\Willow\Willow::run()
[server.php:9] include('/home/bilbo/dev/willow/index.php')
  
[2021-11-17T01:08:08.437619-06:00] Oreto\Willow\Willow.ERROR: 405: Method Not Allowed - HTTP 405 (GET /). trace: [vendor/bcosca/fatfree-core/base.php:1943] Base->error()
[vendor/bcosca/fatfree-core/base.php:1759] Base->call()
[src/Willow.php:100] Base->run()
[index.php:8] Oreto\Willow\Willow::run()
[server.php:9] include('/home/bilbo/dev/willow/index.php')
  
